--------------------
parameters
--------------------
coef_ [[-0.91540455 -1.00534202]]
intercept_ [17.04005722]
--------------------
confusion_matrix
--------------------
[[ 89  12]
 [ 10 174]]
--------------------
y_pred
--------------------
 [1 1 1 1 1 1 1 1 1 1 0 1 1 0 1 0 1 0 0 0 0 0 1 1 0 1 1 1 1 0 1 0 1 0 1 0 1
 0 1 0 0 1 0 1 1 0 1 1 1 0 0 1 0 1 1 1 1 1 1 0 0 0 1 1 0 1 0 0 0 1 0 0 1 1
 0 1 1 1 1 1 0 0 0 1 0 1 1 1 0 0 1 0 0 0 1 1 0 1 1 1 1 1 1 1 0 1 0 1 0 0 1
 0 0 0 1 1 0 1 1 1 1 1 1 1 0 1 0 1 1 1 0 1 1 1 1 1 1 0 0 1 1 1 0 1 1 0 1 0
 1 1 1 1 1 1 1 0 1 0 1 0 0 1 1 0 1 0 0 0 1 1 1 1 1 1 0 1 1 1 1 0 0 1 1 0 1
 1 0 1 0 1 1 0 1 1 1 0 0 1 1 1 1 1 0 0 0 1 1 1 0 1 1 1 1 1 0 1 0 1 0 1 1 1
 0 1 1 1 1 0 1 0 0 1 1 0 1 1 1 0 1 1 0 0 1 0 1 1 1 0 1 0 0 1 1 1 0 0 0 1 0
 1 1 0 1 1 1 1 1 1 1 1 1 1 1 1 1 0 1 1 1 1 1 1 1 1 1]
--------------------
clf_report
--------------------
              precision    recall  f1-score   support

           0       0.90      0.88      0.89       101
           1       0.94      0.95      0.94       184

    accuracy                           0.92       285
   macro avg       0.92      0.91      0.92       285
weighted avg       0.92      0.92      0.92       285

--------------------
AUC
--------------------
0.9779380111924235
