.
├── ConvexHull
│   ├── bin
│   ├── build
│   │   └── CMakeFiles
│   │       ├── 3.16.3
│   │       │   ├── CompilerIdC
│   │       │   │   └── tmp
│   │       │   └── CompilerIdCXX
│   │       │       └── tmp
│   │       ├── CMakeTmp
│   │       ├── conhull.dir
│   │       │   └── src
│   │       ├── convex.dir
│   │       │   └── src
│   │       └── convexhull.dir
│   │           └── src
│   ├── imgs
│   ├── include
│   ├── pyDrawer
│   ├── src
│   └── thirdparty
│       └── include
├── curveCal
│   ├── build
│   │   └── CMakeFiles
│   │       ├── 3.16.3
│   │       │   ├── CompilerIdC
│   │       │   │   └── tmp
│   │       │   └── CompilerIdCXX
│   │       │       └── tmp
│   │       ├── CMakeTmp
│   │       ├── curveCal.dir
│   │       │   └── src
│   │       └── curveHandler.dir
│   │           └── src
│   ├── docs
│   ├── imgs
│   ├── include
│   ├── output
│   ├── pyDrawer
│   ├── qcurve
│   │   ├── build-curve-Desktop_Qt_6_1_3_GCC_64bit-Debug
│   │   └── curve
│   ├── src
│   └── thirdparty
│       ├── include
│       └── libs
├── dijkstra
│   ├── build
│   │   └── CMakeFiles
│   │       ├── 3.16.3
│   │       │   ├── CompilerIdC
│   │       │   │   └── tmp
│   │       │   └── CompilerIdCXX
│   │       │       └── tmp
│   │       ├── CMakeTmp
│   │       └── dijkstra.dir
│   │           └── src
│   ├── imgs
│   ├── include
│   ├── output
│   ├── src
│   └── thirdparty
├── Machine-Learning
│   ├── bayes
│   │   └── include
│   ├── build
│   │   └── CMakeFiles
│   │       ├── 3.16.3
│   │       │   ├── CompilerIdC
│   │       │   │   └── tmp
│   │       │   └── CompilerIdCXX
│   │       │       └── tmp
│   │       ├── CMakeTmp
│   │       └── machineLearning.dir
│   ├── clustering
│   │   └── include
│   ├── docs
│   ├── helper
│   │   └── include
│   ├── images
│   ├── pyDrawer
│   │   ├── clustering
│   │   ├── helper
│   │   └── regression
│   ├── regression
│   │   └── include
│   ├── sample
│   │   └── include
│   ├── statistics
│   │   └── include
│   └── thirdparty
│       └── include
├── netsolver
│   ├── build
│   │   └── CMakeFiles
│   │       ├── 3.16.3
│   │       │   ├── CompilerIdC
│   │       │   │   └── tmp
│   │       │   └── CompilerIdCXX
│   │       │       └── tmp
│   │       ├── CMakeTmp
│   │       └── netSolver.dir
│   │           └── src
│   ├── data
│   ├── include
│   ├── output
│   └── src
├── optimization
│   ├── build
│   │   └── CMakeFiles
│   │       ├── 3.16.3
│   │       │   ├── CompilerIdC
│   │       │   │   └── tmp
│   │       │   └── CompilerIdCXX
│   │       │       └── tmp
│   │       ├── CMakeTmp
│   │       ├── optimization_dichSearch.dir
│   │       │   └── src
│   │       ├── optimization_eqinterSearch.dir
│   │       │   └── src
│   │       ├── optimization_fibonSearch.dir
│   │       │   └── src
│   │       ├── optimization_fibSearch.dir
│   │       │   └── src
│   │       ├── optimization_fletreeConj.dir
│   │       │   └── src
│   │       ├── optimization_glodsectSearch.dir
│   │       │   └── src
│   │       ├── optimization_gradDescent.dir
│   │       │   └── src
│   │       ├── optimization_newtonMethod.dir
│   │       │   └── src
│   │       └── optimization_quadInter.dir
│   │           └── src
│   └── src
├── postgis
│   ├── data
│   ├── details
│   ├── docs
│   ├── operations
│   ├── qgis
│   └── test
├── PyGeo
│   ├── build
│   │   └── CMakeFiles
│   │       ├── 3.16.3
│   │       │   ├── CompilerIdC
│   │       │   │   └── tmp
│   │       │   └── CompilerIdCXX
│   │       │       └── tmp
│   │       ├── CMakeTmp
│   │       ├── legendreFun.dir
│   │       │   └── src
│   │       └── pygeo.dir
│   │           └── src
│   ├── data
│   │   ├── inter
│   │   └── origin
│   ├── docs
│   ├── images
│   │   ├── arcgis
│   │   ├── excel
│   │   ├── pcl
│   │   ├── python
│   │   └── xmind
│   ├── include
│   ├── pyDrawer
│   │   └── __pycache__
│   ├── src
│   └── thirdparty
│       ├── include
│       └── lib
├── resectionForInDoor
│   ├── build
│   │   └── CMakeFiles
│   │       ├── 3.16.3
│   │       │   ├── CompilerIdC
│   │       │   │   └── tmp
│   │       │   └── CompilerIdCXX
│   │       │       └── tmp
│   │       ├── CMakeTmp
│   │       └── resVPHandler.dir
│   │           └── src
│   ├── configs
│   ├── docs
│   │   └── CSL_PHONE
│   │       └── imgs_target
│   ├── include
│   ├── src
│   └── thirdparty
│       └── include
├── tinCreator
│   ├── bin
│   ├── build
│   │   └── CMakeFiles
│   │       ├── 3.16.3
│   │       │   ├── CompilerIdC
│   │       │   │   └── tmp
│   │       │   └── CompilerIdCXX
│   │       │       └── tmp
│   │       ├── CMakeTmp
│   │       ├── tinCreator.dir
│   │       └── tin.dir
│   │           └── src
│   ├── imgs
│   ├── include
│   ├── pyDrawer
│   ├── src
│   └── thirdparty
│       ├── include
│       │   ├── conhull
│       │   └── geometry
│       └── lib
├── UWBInDoor
│   ├── build
│   │   └── CMakeFiles
│   │       ├── 3.16.3
│   │       │   ├── CompilerIdC
│   │       │   │   └── tmp
│   │       │   └── CompilerIdCXX
│   │       │       └── tmp
│   │       ├── CMakeTmp
│   │       ├── uwb.dir
│   │       │   └── src
│   │       ├── uwb_.dir
│   │       │   └── src
│   │       ├── uwbindoor.dir
│   │       │   └── src
│   │       └── uwb_so.dir
│   │           └── src
│   ├── configs
│   ├── data
│   ├── docs
│   │   └── 室内定位技术UWB实习资料
│   ├── helper
│   ├── imgs
│   ├── include
│   ├── lib
│   ├── pyDrawer
│   ├── quwb
│   │   ├── build-uwb-Desktop_Qt_6_1_3_GCC_64bit-Debug
│   │   ├── build-uwb-Desktop_Qt_6_1_3_GCC_64bit-Release
│   │   └── uwb
│   ├── src
│   └── thirdparty
│       ├── include
│       └── lib
└── visual-slam
    └── chp1-pre-slam
        ├── bin
        ├── build
        │   └── CMakeFiles
        │       ├── 3.16.3
        │       │   ├── CompilerIdC
        │       │   │   └── tmp
        │       │   └── CompilerIdCXX
        │       │       └── tmp
        │       ├── CMakeTmp
        │       ├── helloslam.dir
        │       │   └── src
        │       ├── preslam.dir
        │       └── SHARED.dir
        │           └── src
        ├── include
        ├── lib
        └── src

267 directories
