--------------------
parameters
--------------------
coef_ [[  5.60582052  13.51219688 -17.37387989 -20.2093672 ]
 [ -1.63419693  -5.08379436   5.52535325   3.6633144 ]
 [ -4.310964    -9.1100648   12.84540172  18.03464558]]
intercept_ [-16.43973698  -3.21765038 -34.89522606]
--------------------
confusion_matrix
--------------------
[[4 0 0]
 [0 3 0]
 [0 0 8]]
--------------------
y_pred
--------------------
 [0 0 0 0 1 1 1 2 2 2 2 2 2 2 2]
--------------------
clf_report
--------------------
              precision    recall  f1-score   support

           0       1.00      1.00      1.00         4
           1       1.00      1.00      1.00         3
           2       1.00      1.00      1.00         8

    accuracy                           1.00        15
   macro avg       1.00      1.00      1.00        15
weighted avg       1.00      1.00      1.00        15

--------------------
parameters
--------------------
coef_ [[  6.53470193  11.73396985 -16.41712573 -21.11081085]
 [ -1.31189845  -4.02987075   4.19772113   2.68602179]
 [ -4.88943305  -7.2123481   11.4394426   17.2487387 ]]
intercept_ [-15.89712977  -2.04053896 -30.49906128]
--------------------
confusion_matrix
--------------------
[[6 0 0]
 [0 6 0]
 [0 0 3]]
--------------------
y_pred
--------------------
 [0 0 0 0 0 0 1 1 1 1 1 1 2 2 2]
--------------------
clf_report
--------------------
              precision    recall  f1-score   support

           0       1.00      1.00      1.00         6
           1       1.00      1.00      1.00         6
           2       1.00      1.00      1.00         3

    accuracy                           1.00        15
   macro avg       1.00      1.00      1.00        15
weighted avg       1.00      1.00      1.00        15

--------------------
parameters
--------------------
coef_ [[  7.04217378  12.11270106 -17.20800185 -21.87430682]
 [ -1.37142729  -3.8778338    3.9033066    2.63688658]
 [ -4.95075836  -7.02878914  11.55710584  16.9664703 ]]
intercept_ [-16.89132882  -0.84728943 -30.70753742]
--------------------
confusion_matrix
--------------------
[[8 0 0]
 [0 3 1]
 [0 0 3]]
--------------------
y_pred
--------------------
 [0 0 0 0 0 0 0 0 1 1 2 1 2 2 2]
--------------------
clf_report
--------------------
              precision    recall  f1-score   support

           0       1.00      1.00      1.00         8
           1       1.00      0.75      0.86         4
           2       0.75      1.00      0.86         3

    accuracy                           0.93        15
   macro avg       0.92      0.92      0.90        15
weighted avg       0.95      0.93      0.93        15

--------------------
parameters
--------------------
coef_ [[  6.71298619  10.90991714 -17.03501084 -20.39996451]
 [ -1.68145267  -4.18523043   4.83027617   3.4118347 ]
 [ -5.21807661  -7.06013444  12.69062994  17.5172809 ]]
intercept_ [-13.94449917  -2.6087653  -34.19482193]
--------------------
confusion_matrix
--------------------
[[4 0 0]
 [0 6 0]
 [0 0 5]]
--------------------
y_pred
--------------------
 [0 0 0 0 1 1 1 1 1 1 2 2 2 2 2]
--------------------
clf_report
--------------------
              precision    recall  f1-score   support

           0       1.00      1.00      1.00         4
           1       1.00      1.00      1.00         6
           2       1.00      1.00      1.00         5

    accuracy                           1.00        15
   macro avg       1.00      1.00      1.00        15
weighted avg       1.00      1.00      1.00        15

--------------------
parameters
--------------------
coef_ [[  5.98437884  13.44659792 -16.65504403 -25.06403131]
 [ -1.4779593   -4.53495638   4.62802467   3.79288256]
 [ -4.57524818  -9.01111166  12.19517833  21.66838207]]
intercept_ [-15.51108094  -2.48737173 -37.81790191]
--------------------
confusion_matrix
--------------------
[[5 0 0]
 [0 4 0]
 [0 1 5]]
--------------------
y_pred
--------------------
 [0 0 0 0 0 1 1 1 1 2 2 2 2 2 1]
--------------------
clf_report
--------------------
              precision    recall  f1-score   support

           0       1.00      1.00      1.00         5
           1       0.80      1.00      0.89         4
           2       1.00      0.83      0.91         6

    accuracy                           0.93        15
   macro avg       0.93      0.94      0.93        15
weighted avg       0.95      0.93      0.93        15

--------------------
parameters
--------------------
coef_ [[  6.29415811  13.46841621 -19.10444525 -19.10712096]
 [ -1.35836441  -4.57040583   4.95330746   2.5360809 ]
 [ -4.76573764  -8.49714766  13.61652106  16.09008001]]
intercept_ [-14.70457554  -2.91241242 -35.70666386]
--------------------
confusion_matrix
--------------------
[[6 0 0]
 [0 4 0]
 [0 0 5]]
--------------------
y_pred
--------------------
 [0 0 0 0 0 0 1 1 1 1 2 2 2 2 2]
--------------------
clf_report
--------------------
              precision    recall  f1-score   support

           0       1.00      1.00      1.00         6
           1       1.00      1.00      1.00         4
           2       1.00      1.00      1.00         5

    accuracy                           1.00        15
   macro avg       1.00      1.00      1.00        15
weighted avg       1.00      1.00      1.00        15

--------------------
parameters
--------------------
coef_ [[  5.7187062   12.25037295 -16.71034765 -19.57055833]
 [ -1.78298941  -5.06433425   5.33071409   3.77664403]
 [ -4.49612166  -8.41480747  13.01990867  17.65888878]]
intercept_ [-15.13839125  -1.81223701 -36.33378112]
--------------------
confusion_matrix
--------------------
[[2 0 0]
 [0 7 0]
 [0 0 6]]
--------------------
y_pred
--------------------
 [0 0 1 1 1 1 1 1 1 2 2 2 2 2 2]
--------------------
clf_report
--------------------
              precision    recall  f1-score   support

           0       1.00      1.00      1.00         2
           1       1.00      1.00      1.00         7
           2       1.00      1.00      1.00         6

    accuracy                           1.00        15
   macro avg       1.00      1.00      1.00        15
weighted avg       1.00      1.00      1.00        15

--------------------
parameters
--------------------
coef_ [[  7.46870786  10.22924499 -17.23237709 -21.73094308]
 [ -1.66036367  -3.83107037   4.47249748   3.05511676]
 [ -5.80834419  -6.39817461  12.75987961  18.67582632]]
intercept_ [-14.37322519  -1.81551401 -34.93551135]
--------------------
confusion_matrix
--------------------
[[5 0 0]
 [0 4 1]
 [0 0 5]]
--------------------
y_pred
--------------------
 [0 0 0 0 0 1 2 1 1 1 2 2 2 2 2]
--------------------
clf_report
--------------------
              precision    recall  f1-score   support

           0       1.00      1.00      1.00         5
           1       1.00      0.80      0.89         5
           2       0.83      1.00      0.91         5

    accuracy                           0.93        15
   macro avg       0.94      0.93      0.93        15
weighted avg       0.94      0.93      0.93        15

--------------------
parameters
--------------------
coef_ [[  5.19352926  12.48770122 -15.34115686 -20.31564116]
 [ -1.24919369  -4.66976381   4.57116574   2.50589852]
 [ -4.00558879  -7.88948681  10.91087351  18.15755728]]
intercept_ [-15.14899449  -1.54788105 -32.38909548]
--------------------
confusion_matrix
--------------------
[[5 0 0]
 [0 4 0]
 [0 0 6]]
--------------------
y_pred
--------------------
 [0 0 0 0 0 1 1 1 1 2 2 2 2 2 2]
--------------------
clf_report
--------------------
              precision    recall  f1-score   support

           0       1.00      1.00      1.00         5
           1       1.00      1.00      1.00         4
           2       1.00      1.00      1.00         6

    accuracy                           1.00        15
   macro avg       1.00      1.00      1.00        15
weighted avg       1.00      1.00      1.00        15

--------------------
parameters
--------------------
coef_ [[  6.94505033  11.71804725 -17.2686824  -19.35826636]
 [ -1.79139854  -4.16899762   4.80101113   2.68766221]
 [ -5.01057719  -7.40521764  12.14143041  16.07558535]]
intercept_ [-17.06444109  -1.24238197 -30.21067864]
--------------------
confusion_matrix
--------------------
[[5 0 0]
 [0 7 0]
 [0 0 3]]
--------------------
y_pred
--------------------
 [0 0 0 0 0 1 1 1 1 1 1 1 2 2 2]
--------------------
clf_report
--------------------
              precision    recall  f1-score   support

           0       1.00      1.00      1.00         5
           1       1.00      1.00      1.00         7
           2       1.00      1.00      1.00         3

    accuracy                           1.00        15
   macro avg       1.00      1.00      1.00        15
weighted avg       1.00      1.00      1.00        15

