--------------------
parameters
--------------------
coef_ [[  5.77402087  17.05416889 -17.14544464 -26.80064927]
 [ -1.59066032  -3.04251609   3.7266594    0.55386675]
 [ -2.62747883  -9.47751583   8.83564553  19.27795246]]
intercept_ [-19.94590299   1.15895333 -30.56903593]
--------------------
confusion_matrix
--------------------
[[30  0  0]
 [ 0 21  1]
 [ 0  1 22]]
--------------------
y_pred
--------------------
 [1 2 1 0 2 0 1 0 0 0 0 1 2 1 1 0 2 1 1 2 1 0 0 1 2 0 1 0 1 1 0 0 0 2 0 2 0
 0 2 2 1 2 0 2 0 0 0 1 0 0 2 1 1 2 0 1 0 1 2 2 1 2 2 1 2 0 2 0 2 2 0 0 0 1
 2]
--------------------
clf_report
--------------------
              precision    recall  f1-score   support

           0       1.00      1.00      1.00        30
           1       0.95      0.95      0.95        22
           2       0.96      0.96      0.96        23

    accuracy                           0.97        75
   macro avg       0.97      0.97      0.97        75
weighted avg       0.97      0.97      0.97        75

--------------------
parameters
--------------------
coef_ [[  6.65748979  15.60009406 -24.68121227 -20.16058496]
 [ -1.04777513  -5.57605321   6.13236051   2.79632866]
 [ -5.12093542  -9.54747074  17.21851342  15.80340691]]
intercept_ [ -9.40879063  -6.73974796 -44.72267281]
--------------------
confusion_matrix
--------------------
[[25  0  0]
 [ 0 24  4]
 [ 0  0 22]]
--------------------
y_pred
--------------------
 [1 1 1 2 1 2 0 2 1 2 2 1 2 2 1 2 2 0 0 0 1 2 2 2 0 0 0 0 1 0 1 1 2 0 1 1 1
 0 2 2 1 0 1 1 1 0 2 0 2 2 1 2 2 0 1 2 2 1 2 0 0 0 1 1 0 0 2 0 2 2 1 0 0 0
 0]
--------------------
clf_report
--------------------
              precision    recall  f1-score   support

           0       1.00      1.00      1.00        25
           1       1.00      0.86      0.92        28
           2       0.85      1.00      0.92        22

    accuracy                           0.95        75
   macro avg       0.95      0.95      0.95        75
weighted avg       0.95      0.95      0.95        75

--------------------
parameters
--------------------
coef_ [[ 10.81771891  15.3627525  -19.77306701 -28.90890323]
 [ -1.56432775  -4.62379059   3.64491427   3.23991645]
 [ -7.51009435  -7.6626702   12.74529079  21.24539477]]
intercept_ [-35.62855911   2.52421674 -26.81125981]
--------------------
confusion_matrix
--------------------
[[29  0  0]
 [ 0 19  1]
 [ 0  1 25]]
--------------------
y_pred
--------------------
 [2 0 0 2 0 0 0 2 0 2 2 0 1 0 1 2 2 1 1 2 2 1 0 1 0 1 0 2 0 0 0 0 1 0 0 1 0
 1 2 2 0 0 0 0 1 1 1 2 1 1 2 2 2 0 0 2 0 0 1 1 2 1 2 2 2 2 0 2 0 1 1 0 2 2
 2]
--------------------
clf_report
--------------------
              precision    recall  f1-score   support

           0       1.00      1.00      1.00        29
           1       0.95      0.95      0.95        20
           2       0.96      0.96      0.96        26

    accuracy                           0.97        75
   macro avg       0.97      0.97      0.97        75
weighted avg       0.97      0.97      0.97        75

--------------------
parameters
--------------------
coef_ [[  6.73785595  13.76251765 -16.02718401 -18.7903433 ]
 [ -1.20937848  -4.74587819   3.6705946    3.4480118 ]
 [ -5.2105881   -8.27630362  11.56867827  14.45279729]]
intercept_ [-27.80479025   0.91755191 -20.76961143]
--------------------
confusion_matrix
--------------------
[[26  0  0]
 [ 0 23  1]
 [ 0  0 25]]
--------------------
y_pred
--------------------
 [2 2 2 2 1 2 1 1 0 1 0 0 1 1 2 1 2 2 2 2 0 0 0 1 0 1 0 0 2 1 2 1 2 0 2 2 0
 2 0 0 2 0 0 1 1 0 1 2 1 2 0 0 2 0 0 0 2 1 1 2 1 1 1 2 1 0 1 0 1 0 2 2 0 0
 2]
--------------------
clf_report
--------------------
              precision    recall  f1-score   support

           0       1.00      1.00      1.00        26
           1       1.00      0.96      0.98        24
           2       0.96      1.00      0.98        25

    accuracy                           0.99        75
   macro avg       0.99      0.99      0.99        75
weighted avg       0.99      0.99      0.99        75

--------------------
parameters
--------------------
coef_ [[  9.13900938   8.76991572 -16.15034714 -20.61673964]
 [ -1.8776724   -3.69558256   4.43588576   3.22527417]
 [ -7.47799149  -5.50074654  12.22629435  17.76361249]]
intercept_ [-22.87856811  -1.1291173  -23.58940252]
--------------------
confusion_matrix
--------------------
[[24  0  0]
 [ 0 25  2]
 [ 0  0 24]]
--------------------
y_pred
--------------------
 [0 2 0 1 2 1 0 0 2 2 1 2 2 2 1 2 0 1 2 2 0 1 2 0 2 0 1 1 0 0 2 2 1 2 2 1 1
 1 0 1 1 0 1 0 1 2 1 0 1 0 1 1 0 2 1 0 0 2 0 0 0 1 2 2 2 0 2 0 1 0 2 1 2 2
 1]
--------------------
clf_report
--------------------
              precision    recall  f1-score   support

           0       1.00      1.00      1.00        24
           1       1.00      0.93      0.96        27
           2       0.92      1.00      0.96        24

    accuracy                           0.97        75
   macro avg       0.97      0.98      0.97        75
weighted avg       0.98      0.97      0.97        75

