so3.log():      0      0 1.5708
hat: 
      0 -1.5708       0
 1.5708       0      -0
     -0       0       0
vee:      0      0 1.5708
exp(so3.log()): 
2.22045e-16          -1           0
          1 2.22045e-16           0
          0           0           1
update exp(so3.log()): 
-1e-10     -1      0
     1 -1e-10      0
     0      0      1
se3.log():  5.49779 0.785398        5        0        0   1.5708
hat: 
       0  -1.5708        0  5.49779
  1.5708        0       -0 0.785398
      -0        0        0        5
       0        0        0        0
vee:  5.49779 0.785398        5        0        0   1.5708
exp(se3.log()): 
2.22045e-16          -1           0           3
          1 2.22045e-16           0           4
          0           0           1           5
          0           0           0           1
update exp(se3.log()): 
-1e-10     -1      0      6
     1 -1e-10      0      8
     0      0      1     10
     0      0      0      1
