-------------------------
Details for This Curve[m]
-------------------------
[ K_JD ] : 14906.807
[ P_JD ] : [144534.844, 99482.203]
[ CorA ] : +66,1,15.0
[ CorD ] : RIGHT
[ CurR ] : 700.000
[ C_Ls ] : 100.000
[ TanA ] : +273,15,23.4
--------------------------
Features for This Curve[m]
--------------------------
[  m   ] : 49.991
[  P   ] : 0.595
[beta_0] : +4,5,33.2
[ T_H  ] : 505.144
[ L_H  ] : 906.597
[ L_T  ] : 706.597
[ E_H  ] : 135.463
[  q   ] : 103.692
[ K_ZH ] : 14401.662
[ K_HY ] : 14501.662
[ K_QZ ] : 14854.960
[ K_YH ] : 15208.259
[ K_HZ ] : 15308.259
[ alpha ZH-JD ] : +273,15,23.4
[ alpha JD-ZH ] : +93,15,23.3
[ alpha HZ-JD ] : +159,16,38.3
[ alpha JD-HZ ] : +339,16,38.3
-----------------------
Check for This Curve[m]
-----------------------
[     K_JD     ] = 14906.807
[K_QZ + 0.5 * q] = 14906.806
-----------
Main Points
-----------
[ P_JD ] : [144534.844, 99482.203]
[ P_ZH ] : [144506.156, 99986.531]
[ P_HY ] : [144514.203, 99886.875]
[ P_QZ ] : [144644.062, 99562.336]
[ P_YH ] : [144914.672, 99341.055]
[ P_HZ ] : [145007.312, 99303.461]
