--------------------
parameters
--------------------
coef_ [[-1.43472025 -0.58266535]]
intercept_ [10.30547822]
--------------------
confusion_matrix
--------------------
[[ 89  12]
 [  6 178]]
--------------------
y_pred
--------------------
 [1 1 1 1 1 1 1 1 1 1 0 1 1 0 1 0 1 0 0 0 0 0 1 1 0 1 1 1 1 0 1 0 1 0 1 0 1
 0 1 0 0 1 0 1 1 0 1 1 1 0 0 1 0 1 1 1 1 1 1 0 0 0 1 1 0 1 0 0 0 1 1 0 1 1
 0 1 1 1 1 1 0 0 0 1 0 1 1 1 0 0 1 0 1 0 1 1 0 1 1 1 1 1 1 1 0 1 0 1 0 0 1
 0 0 1 1 1 0 1 1 1 1 1 1 1 0 1 0 1 1 1 0 1 1 1 1 1 1 0 0 1 1 1 0 1 1 0 1 0
 1 1 1 1 1 1 1 0 1 1 1 0 0 1 1 0 1 0 0 0 1 1 1 1 1 1 0 1 1 1 1 0 0 1 1 0 1
 1 0 1 0 1 1 0 1 1 1 0 0 1 1 0 1 1 0 0 0 1 1 1 0 1 1 1 1 1 0 1 0 1 0 1 1 1
 0 1 1 1 1 0 1 0 0 1 1 0 1 1 1 0 1 1 0 0 1 0 1 1 1 0 1 0 0 1 1 1 0 1 0 1 0
 1 1 0 1 1 1 1 1 1 1 1 1 1 1 1 1 0 1 1 1 1 1 1 1 1 1]
--------------------
clf_report
--------------------
              precision    recall  f1-score   support

           0       0.94      0.88      0.91       101
           1       0.94      0.97      0.95       184

    accuracy                           0.94       285
   macro avg       0.94      0.92      0.93       285
weighted avg       0.94      0.94      0.94       285

--------------------
AUC
--------------------
0.9791218252260008
