----------------------------------
Arcs[Initialize arcs' information]
----------------------------------
Arc{fromID': 0, 'toID': 1, 'len': 5.537, 'obv': -2.223, 'res': 0}
Arc{fromID': 0, 'toID': 5, 'len': 5.228, 'obv': 3.876, 'res': 0}
Arc{fromID': 1, 'toID': 2, 'len': 7.908, 'obv': -0.625, 'res': 0}
Arc{fromID': 1, 'toID': 6, 'len': 3.148, 'obv': -4.724, 'res': 0}
Arc{fromID': 2, 'toID': 3, 'len': 6.112, 'obv': 0.77, 'res': 0}
Arc{fromID': 2, 'toID': 7, 'len': 9.147, 'obv': -2.116, 'res': 0}
Arc{fromID': 3, 'toID': 4, 'len': 6.322, 'obv': 3.811, 'res': 0}
Arc{fromID': 3, 'toID': 8, 'len': 3.938, 'obv': -6.509, 'res': 0}
Arc{fromID': 4, 'toID': 9, 'len': 8.186, 'obv': -10.953, 'res': 0}
Arc{fromID': 5, 'toID': 6, 'len': 4.268, 'obv': -10.864, 'res': 0}
Arc{fromID': 5, 'toID': 10, 'len': 5.375, 'obv': -7.339, 'res': 0}
Arc{fromID': 6, 'toID': 7, 'len': 10.633, 'obv': 1.976, 'res': 0}
Arc{fromID': 7, 'toID': 8, 'len': 4.269, 'obv': -3.742, 'res': 0}
Arc{fromID': 7, 'toID': 12, 'len': 4.731, 'obv': -3.413, 'res': 0}
Arc{fromID': 8, 'toID': 9, 'len': 3.71, 'obv': -0.596, 'res': 0}
Arc{fromID': 8, 'toID': 13, 'len': 7.32, 'obv': 11.338, 'res': 0}
Arc{fromID': 9, 'toID': 14, 'len': 7.614, 'obv': 5.836, 'res': 0}
Arc{fromID': 10, 'toID': 11, 'len': 7.46, 'obv': -6.507, 'res': 0}
Arc{fromID': 10, 'toID': 15, 'len': 6.197, 'obv': 6.857, 'res': 0}
Arc{fromID': 11, 'toID': 12, 'len': 8.799, 'obv': 1.639, 'res': 0}
Arc{fromID': 11, 'toID': 16, 'len': 2.776, 'obv': 2.041, 'res': 0}
Arc{fromID': 12, 'toID': 13, 'len': 4.518, 'obv': 11.027, 'res': 0}
Arc{fromID': 12, 'toID': 17, 'len': 7.096, 'obv': 2.172, 'res': 0}
Arc{fromID': 13, 'toID': 14, 'len': 8.192, 'obv': -6.119, 'res': 0}
Arc{fromID': 13, 'toID': 18, 'len': 6.106, 'obv': -5.066, 'res': 0}
Arc{fromID': 14, 'toID': 19, 'len': 7.582, 'obv': 1.51, 'res': 0}
Arc{fromID': 15, 'toID': 16, 'len': 6.386, 'obv': -11.419, 'res': 0}
Arc{fromID': 15, 'toID': 20, 'len': 8.045, 'obv': -2.633, 'res': 0}
Arc{fromID': 16, 'toID': 21, 'len': 9.638, 'obv': 9.122, 'res': 0}
Arc{fromID': 17, 'toID': 18, 'len': 9.357, 'obv': 3.631, 'res': 0}
Arc{fromID': 17, 'toID': 22, 'len': 4.852, 'obv': 14.024, 'res': 0}
Arc{fromID': 18, 'toID': 19, 'len': 5.497, 'obv': 0.484, 'res': 0}
Arc{fromID': 18, 'toID': 23, 'len': 5.659, 'obv': -0.291, 'res': 0}
Arc{fromID': 19, 'toID': 24, 'len': 5.671, 'obv': 9.461, 'res': 0}
Arc{fromID': 20, 'toID': 21, 'len': 2.739, 'obv': 0.559, 'res': 0}
Arc{fromID': 21, 'toID': 22, 'len': 9.534, 'obv': 6.431, 'res': 0}
Arc{fromID': 22, 'toID': 23, 'len': 3.512, 'obv': -10.524, 'res': 0}
Arc{fromID': 23, 'toID': 24, 'len': 6.918, 'obv': 10.308, 'res': 0}
----------------------------------------------
Base Nodes[Initialize base nodes' information]
----------------------------------------------
Node{'id': 20, 'height': 212.706}
Node{'id': 2, 'height': 209.057}
------------------------------------
Nodes[Initialize nodes' information]
------------------------------------
Node{'id': 24, 'height': 0}
Node{'id': 23, 'height': 0}
Node{'id': 22, 'height': 0}
Node{'id': 21, 'height': 0}
Node{'id': 20, 'height': 212.706}
Node{'id': 19, 'height': 0}
Node{'id': 18, 'height': 0}
Node{'id': 17, 'height': 0}
Node{'id': 16, 'height': 0}
Node{'id': 15, 'height': 0}
Node{'id': 11, 'height': 0}
Node{'id': 14, 'height': 0}
Node{'id': 0, 'height': 0}
Node{'id': 13, 'height': 0}
Node{'id': 1, 'height': 0}
Node{'id': 5, 'height': 0}
Node{'id': 2, 'height': 209.057}
Node{'id': 6, 'height': 0}
Node{'id': 3, 'height': 0}
Node{'id': 7, 'height': 0}
Node{'id': 4, 'height': 0}
Node{'id': 8, 'height': 0}
Node{'id': 9, 'height': 0}
Node{'id': 10, 'height': 0}
Node{'id': 12, 'height': 0}
----------------------------------------------
Nodes Order[Used when constructing the matrix]
----------------------------------------------
{'id': 12, 'order': 22}
{'id': 10, 'order': 21}
{'id': 9, 'order': 20}
{'id': 8, 'order': 19}
{'id': 4, 'order': 18}
{'id': 7, 'order': 17}
{'id': 3, 'order': 16}
{'id': 6, 'order': 15}
{'id': 5, 'order': 14}
{'id': 1, 'order': 13}
{'id': 24, 'order': 0}
{'id': 11, 'order': 9}
{'id': 23, 'order': 1}
{'id': 22, 'order': 2}
{'id': 21, 'order': 3}
{'id': 19, 'order': 4}
{'id': 18, 'order': 5}
{'id': 17, 'order': 6}
{'id': 16, 'order': 7}
{'id': 15, 'order': 8}
{'id': 14, 'order': 10}
{'id': 0, 'order': 11}
{'id': 13, 'order': 12}
--------
Matrix P
--------
 0.180603         0         0         0         0         0         0         0         0         0         0         0         0         0         0         0         0         0         0         0         0         0         0         0         0         0         0         0         0         0         0         0         0         0         0         0         0         0
        0  0.191278         0         0         0         0         0         0         0         0         0         0         0         0         0         0         0         0         0         0         0         0         0         0         0         0         0         0         0         0         0         0         0         0         0         0         0         0
        0         0  0.126454         0         0         0         0         0         0         0         0         0         0         0         0         0         0         0         0         0         0         0         0         0         0         0         0         0         0         0         0         0         0         0         0         0         0         0
        0         0         0  0.317662         0         0         0         0         0         0         0         0         0         0         0         0         0         0         0         0         0         0         0         0         0         0         0         0         0         0         0         0         0         0         0         0         0         0
        0         0         0         0  0.163613         0         0         0         0         0         0         0         0         0         0         0         0         0         0         0         0         0         0         0         0         0         0         0         0         0         0         0         0         0         0         0         0         0
        0         0         0         0         0  0.109325         0         0         0         0         0         0         0         0         0         0         0         0         0         0         0         0         0         0         0         0         0         0         0         0         0         0         0         0         0         0         0         0
        0         0         0         0         0         0  0.158178         0         0         0         0         0         0         0         0         0         0         0         0         0         0         0         0         0         0         0         0         0         0         0         0         0         0         0         0         0         0         0
        0         0         0         0         0         0         0  0.253936         0         0         0         0         0         0         0         0         0         0         0         0         0         0         0         0         0         0         0         0         0         0         0         0         0         0         0         0         0         0
        0         0         0         0         0         0         0         0   0.12216         0         0         0         0         0         0         0         0         0         0         0         0         0         0         0         0         0         0         0         0         0         0         0         0         0         0         0         0         0
        0         0         0         0         0         0         0         0         0  0.234302         0         0         0         0         0         0         0         0         0         0         0         0         0         0         0         0         0         0         0         0         0         0         0         0         0         0         0         0
        0         0         0         0         0         0         0         0         0         0  0.186047         0         0         0         0         0         0         0         0         0         0         0         0         0         0         0         0         0         0         0         0         0         0         0         0         0         0         0
        0         0         0         0         0         0         0         0         0         0         0 0.0940468         0         0         0         0         0         0         0         0         0         0         0         0         0         0         0         0         0         0         0         0         0         0         0         0         0         0
        0         0         0         0         0         0         0         0         0         0         0         0  0.234247         0         0         0         0         0         0         0         0         0         0         0         0         0         0         0         0         0         0         0         0         0         0         0         0         0
        0         0         0         0         0         0         0         0         0         0         0         0         0  0.211372         0         0         0         0         0         0         0         0         0         0         0         0         0         0         0         0         0         0         0         0         0         0         0         0
        0         0         0         0         0         0         0         0         0         0         0         0         0         0  0.269542         0         0         0         0         0         0         0         0         0         0         0         0         0         0         0         0         0         0         0         0         0         0         0
        0         0         0         0         0         0         0         0         0         0         0         0         0         0         0  0.136612         0         0         0         0         0         0         0         0         0         0         0         0         0         0         0         0         0         0         0         0         0         0
        0         0         0         0         0         0         0         0         0         0         0         0         0         0         0         0  0.131337         0         0         0         0         0         0         0         0         0         0         0         0         0         0         0         0         0         0         0         0         0
        0         0         0         0         0         0         0         0         0         0         0         0         0         0         0         0         0  0.134048         0         0         0         0         0         0         0         0         0         0         0         0         0         0         0         0         0         0         0         0
        0         0         0         0         0         0         0         0         0         0         0         0         0         0         0         0         0         0  0.161368         0         0         0         0         0         0         0         0         0         0         0         0         0         0         0         0         0         0         0
        0         0         0         0         0         0         0         0         0         0         0         0         0         0         0         0         0         0         0  0.113649         0         0         0         0         0         0         0         0         0         0         0         0         0         0         0         0         0         0
        0         0         0         0         0         0         0         0         0         0         0         0         0         0         0         0         0         0         0         0  0.360231         0         0         0         0         0         0         0         0         0         0         0         0         0         0         0         0         0
        0         0         0         0         0         0         0         0         0         0         0         0         0         0         0         0         0         0         0         0         0  0.221337         0         0         0         0         0         0         0         0         0         0         0         0         0         0         0         0
        0         0         0         0         0         0         0         0         0         0         0         0         0         0         0         0         0         0         0         0         0         0  0.140924         0         0         0         0         0         0         0         0         0         0         0         0         0         0         0
        0         0         0         0         0         0         0         0         0         0         0         0         0         0         0         0         0         0         0         0         0         0         0   0.12207         0         0         0         0         0         0         0         0         0         0         0         0         0         0
        0         0         0         0         0         0         0         0         0         0         0         0         0         0         0         0         0         0         0         0         0         0         0         0  0.163773         0         0         0         0         0         0         0         0         0         0         0         0         0
        0         0         0         0         0         0         0         0         0         0         0         0         0         0         0         0         0         0         0         0         0         0         0         0         0  0.131891         0         0         0         0         0         0         0         0         0         0         0         0
        0         0         0         0         0         0         0         0         0         0         0         0         0         0         0         0         0         0         0         0         0         0         0         0         0         0  0.156593         0         0         0         0         0         0         0         0         0         0         0
        0         0         0         0         0         0         0         0         0         0         0         0         0         0         0         0         0         0         0         0         0         0         0         0         0         0         0  0.124301         0         0         0         0         0         0         0         0         0         0
        0         0         0         0         0         0         0         0         0         0         0         0         0         0         0         0         0         0         0         0         0         0         0         0         0         0         0         0  0.103756         0         0         0         0         0         0         0         0         0
        0         0         0         0         0         0         0         0         0         0         0         0         0         0         0         0         0         0         0         0         0         0         0         0         0         0         0         0         0  0.106872         0         0         0         0         0         0         0         0
        0         0         0         0         0         0         0         0         0         0         0         0         0         0         0         0         0         0         0         0         0         0         0         0         0         0         0         0         0         0  0.206101         0         0         0         0         0         0         0
        0         0         0         0         0         0         0         0         0         0         0         0         0         0         0         0         0         0         0         0         0         0         0         0         0         0         0         0         0         0         0  0.181917         0         0         0         0         0         0
        0         0         0         0         0         0         0         0         0         0         0         0         0         0         0         0         0         0         0         0         0         0         0         0         0         0         0         0         0         0         0         0   0.17671         0         0         0         0         0
        0         0         0         0         0         0         0         0         0         0         0         0         0         0         0         0         0         0         0         0         0         0         0         0         0         0         0         0         0         0         0         0         0  0.176336         0         0         0         0
        0         0         0         0         0         0         0         0         0         0         0         0         0         0         0         0         0         0         0         0         0         0         0         0         0         0         0         0         0         0         0         0         0         0  0.365097         0         0         0
        0         0         0         0         0         0         0         0         0         0         0         0         0         0         0         0         0         0         0         0         0         0         0         0         0         0         0         0         0         0         0         0         0         0         0  0.104888         0         0
        0         0         0         0         0         0         0         0         0         0         0         0         0         0         0         0         0         0         0         0         0         0         0         0         0         0         0         0         0         0         0         0         0         0         0         0  0.284738         0
        0         0         0         0         0         0         0         0         0         0         0         0         0         0         0         0         0         0         0         0         0         0         0         0         0         0         0         0         0         0         0         0         0         0         0         0         0   0.14455
--------
Matrix B
--------
 0  0  0  0  0  0  0  0  0  0  0 -1  0  1  0  0  0  0  0  0  0  0  0
 0  0  0  0  0  0  0  0  0  0  0 -1  0  0  1  0  0  0  0  0  0  0  0
 0  0  0  0  0  0  0  0  0  0  0  0  0 -1  0  0  0  0  0  0  0  0  0
 0  0  0  0  0  0  0  0  0  0  0  0  0 -1  0  1  0  0  0  0  0  0  0
 0  0  0  0  0  0  0  0  0  0  0  0  0  0  0  0  1  0  0  0  0  0  0
 0  0  0  0  0  0  0  0  0  0  0  0  0  0  0  0  0  1  0  0  0  0  0
 0  0  0  0  0  0  0  0  0  0  0  0  0  0  0  0 -1  0  1  0  0  0  0
 0  0  0  0  0  0  0  0  0  0  0  0  0  0  0  0 -1  0  0  1  0  0  0
 0  0  0  0  0  0  0  0  0  0  0  0  0  0  0  0  0  0 -1  0  1  0  0
 0  0  0  0  0  0  0  0  0  0  0  0  0  0 -1  1  0  0  0  0  0  0  0
 0  0  0  0  0  0  0  0  0  0  0  0  0  0 -1  0  0  0  0  0  0  1  0
 0  0  0  0  0  0  0  0  0  0  0  0  0  0  0 -1  0  1  0  0  0  0  0
 0  0  0  0  0  0  0  0  0  0  0  0  0  0  0  0  0 -1  0  1  0  0  0
 0  0  0  0  0  0  0  0  0  0  0  0  0  0  0  0  0 -1  0  0  0  0  1
 0  0  0  0  0  0  0  0  0  0  0  0  0  0  0  0  0  0  0 -1  1  0  0
 0  0  0  0  0  0  0  0  0  0  0  0  1  0  0  0  0  0  0 -1  0  0  0
 0  0  0  0  0  0  0  0  0  0  1  0  0  0  0  0  0  0  0  0 -1  0  0
 0  0  0  0  0  0  0  0  0  1  0  0  0  0  0  0  0  0  0  0  0 -1  0
 0  0  0  0  0  0  0  0  1  0  0  0  0  0  0  0  0  0  0  0  0 -1  0
 0  0  0  0  0  0  0  0  0 -1  0  0  0  0  0  0  0  0  0  0  0  0  1
 0  0  0  0  0  0  0  1  0 -1  0  0  0  0  0  0  0  0  0  0  0  0  0
 0  0  0  0  0  0  0  0  0  0  0  0  1  0  0  0  0  0  0  0  0  0 -1
 0  0  0  0  0  0  1  0  0  0  0  0  0  0  0  0  0  0  0  0  0  0 -1
 0  0  0  0  0  0  0  0  0  0  1  0 -1  0  0  0  0  0  0  0  0  0  0
 0  0  0  0  0  1  0  0  0  0  0  0 -1  0  0  0  0  0  0  0  0  0  0
 0  0  0  0  1  0  0  0  0  0 -1  0  0  0  0  0  0  0  0  0  0  0  0
 0  0  0  0  0  0  0  1 -1  0  0  0  0  0  0  0  0  0  0  0  0  0  0
 0  0  0  0  0  0  0  0 -1  0  0  0  0  0  0  0  0  0  0  0  0  0  0
 0  0  0  1  0  0  0 -1  0  0  0  0  0  0  0  0  0  0  0  0  0  0  0
 0  0  0  0  0  1 -1  0  0  0  0  0  0  0  0  0  0  0  0  0  0  0  0
 0  0  1  0  0  0 -1  0  0  0  0  0  0  0  0  0  0  0  0  0  0  0  0
 0  0  0  0  1 -1  0  0  0  0  0  0  0  0  0  0  0  0  0  0  0  0  0
 0  1  0  0  0 -1  0  0  0  0  0  0  0  0  0  0  0  0  0  0  0  0  0
 1  0  0  0 -1  0  0  0  0  0  0  0  0  0  0  0  0  0  0  0  0  0  0
 0  0  0  1  0  0  0  0  0  0  0  0  0  0  0  0  0  0  0  0  0  0  0
 0  0  1 -1  0  0  0  0  0  0  0  0  0  0  0  0  0  0  0  0  0  0  0
 0  1 -1  0  0  0  0  0  0  0  0  0  0  0  0  0  0  0  0  0  0  0  0
 1 -1  0  0  0  0  0  0  0  0  0  0  0  0  0  0  0  0  0  0  0  0  0
--------
Matrix L
--------
  -2.223
   3.876
-209.682
  -4.724
 209.827
 206.941
   3.811
  -6.509
 -10.953
 -10.864
  -7.339
   1.976
  -3.742
  -3.413
  -0.596
  11.338
   5.836
  -6.507
   6.857
   1.639
   2.041
  11.027
   2.172
  -6.119
  -5.066
    1.51
 -11.419
-215.339
   9.122
   3.631
  14.024
   0.484
  -0.291
   9.461
 213.265
   6.431
 -10.524
  10.308
--------
Matrix X
--------
 219.47
 209.19
219.729
213.249
209.986
 209.48
205.751
204.021
215.382
201.975
208.476
211.944
214.583
209.705
215.836
204.981
209.788
206.977
213.601
203.252
 202.65
208.502
203.573
--------
Matrix V
--------
  -0.0165172
   0.0155864
  -0.0228271
-0.000273705
  -0.0391846
   0.0361481
  0.00192714
  -0.0264463
  0.00242329
  0.00862312
  0.00529051
   0.0205973
   0.0172229
  0.00868797
 -0.00620335
 -0.00726604
  -0.0104995
   -0.020359
    0.022944
  -0.0410234
  0.00532579
  -0.0167313
   0.0065279
   0.0115628
  -0.0373478
 0.000223398
   0.0580225
  -0.0431824
    0.105844
   0.0973935
  -0.0460339
    0.022134
  0.00138819
   0.0231152
  -0.0159607
   0.0493007
  -0.0151844
  -0.0281382
------------
Nodes[Final]
------------
Node{'id': 24, 'height': 219.47}
Node{'id': 23, 'height': 209.19}
Node{'id': 22, 'height': 219.729}
Node{'id': 21, 'height': 213.249}
Node{'id': 20, 'height': 212.706}
Node{'id': 19, 'height': 209.986}
Node{'id': 18, 'height': 209.48}
Node{'id': 17, 'height': 205.751}
Node{'id': 16, 'height': 204.021}
Node{'id': 15, 'height': 215.382}
Node{'id': 11, 'height': 201.975}
Node{'id': 14, 'height': 208.476}
Node{'id': 0, 'height': 211.944}
Node{'id': 13, 'height': 214.583}
Node{'id': 1, 'height': 209.705}
Node{'id': 5, 'height': 215.836}
Node{'id': 2, 'height': 209.057}
Node{'id': 6, 'height': 204.981}
Node{'id': 3, 'height': 209.788}
Node{'id': 7, 'height': 206.977}
Node{'id': 4, 'height': 213.601}
Node{'id': 8, 'height': 203.252}
Node{'id': 9, 'height': 202.65}
Node{'id': 10, 'height': 208.502}
Node{'id': 12, 'height': 203.573}
