--------------------
parameters
--------------------
coef_ [[ 0.08172354 -0.74683563]]
intercept_ [13.37319644]
--------------------
confusion_matrix
--------------------
[[ 73  28]
 [  1 183]]
--------------------
y_pred
--------------------
 [1 1 1 1 1 1 1 1 1 1 1 1 1 0 1 0 1 0 0 0 1 0 1 1 0 1 1 1 1 0 1 0 1 0 1 1 1
 0 1 0 1 1 0 1 1 0 1 1 1 1 0 1 0 1 1 1 1 1 1 0 1 0 1 1 0 1 0 0 0 1 1 0 1 1
 0 1 1 1 1 1 0 0 0 1 0 1 1 1 0 0 1 1 1 1 1 1 0 1 1 1 1 1 1 1 0 1 0 1 1 0 1
 0 0 1 1 1 1 1 1 1 1 1 1 1 0 1 1 1 1 1 0 1 1 1 1 1 1 1 0 1 1 1 0 1 1 0 1 0
 1 1 1 1 1 1 1 1 1 1 1 0 0 1 1 0 1 0 1 0 1 1 1 1 1 1 0 1 1 1 1 0 0 1 1 1 1
 1 1 1 0 1 1 0 1 1 1 0 0 1 1 1 1 1 0 0 0 1 1 1 0 1 1 1 1 1 0 1 0 1 0 1 1 1
 0 1 1 1 1 0 1 0 1 1 1 0 1 1 1 1 1 1 0 0 1 0 1 1 1 1 1 0 1 1 1 1 0 1 0 1 0
 1 1 0 1 1 1 1 1 1 1 1 1 1 1 1 1 0 1 1 1 1 1 1 1 1 1]
--------------------
clf_report
--------------------
              precision    recall  f1-score   support

           0       0.99      0.72      0.83       101
           1       0.87      0.99      0.93       184

    accuracy                           0.90       285
   macro avg       0.93      0.86      0.88       285
weighted avg       0.91      0.90      0.89       285

--------------------
AUC
--------------------
0.9761622901420577
