--------------------
parameters
--------------------
coef_ [[-4.25397544e-04  5.94840650e-01 -9.66102034e-01 -4.46449535e-01]
 [-1.52284268e-01  1.35363794e-01 -4.90693752e-01 -2.36886639e-01]
 [ 3.69802256e-01  5.51155054e-01 -2.22557753e+00 -2.00000000e+00]]
intercept_ [ 0.90457728  2.28933995 10.29072276]
--------------------
confusion_matrix
--------------------
[[7 0 0]
 [0 3 1]
 [0 1 3]]
--------------------
y_pred
--------------------
 [0 0 0 0 0 0 0 1 1 2 1 1 2 2 2]
--------------------
clf_report
--------------------
              precision    recall  f1-score   support

           0       1.00      1.00      1.00         7
           1       0.75      0.75      0.75         4
           2       0.75      0.75      0.75         4

    accuracy                           0.87        15
   macro avg       0.83      0.83      0.83        15
weighted avg       0.87      0.87      0.87        15

--------------------
parameters
--------------------
coef_ [[-0.04625854  0.5211828  -1.00304462 -0.46412978]
 [-0.00722313  0.17894121 -0.53836459 -0.29239263]
 [ 0.60429673  0.98950395 -2.04266836 -1.98482948]]
intercept_ [1.4528445  1.50771313 6.70375515]
--------------------
confusion_matrix
--------------------
[[4 0 0]
 [0 5 0]
 [0 0 6]]
--------------------
y_pred
--------------------
 [0 0 0 0 1 1 1 1 1 2 2 2 2 2 2]
--------------------
clf_report
--------------------
              precision    recall  f1-score   support

           0       1.00      1.00      1.00         4
           1       1.00      1.00      1.00         5
           2       1.00      1.00      1.00         6

    accuracy                           1.00        15
   macro avg       1.00      1.00      1.00        15
weighted avg       1.00      1.00      1.00        15

--------------------
parameters
--------------------
coef_ [[-0.03694296  0.4513037  -0.87637735 -0.39687606]
 [-0.00722313  0.17894121 -0.53836459 -0.29239263]
 [ 0.67035595  1.07144559 -2.07456485 -1.94083941]]
intercept_ [1.38704585 1.50771313 6.09713011]
--------------------
confusion_matrix
--------------------
[[3 0 0]
 [0 7 1]
 [0 0 4]]
--------------------
y_pred
--------------------
 [0 0 0 1 1 1 2 1 1 1 1 2 2 2 2]
--------------------
clf_report
--------------------
              precision    recall  f1-score   support

           0       1.00      1.00      1.00         3
           1       1.00      0.88      0.93         8
           2       0.80      1.00      0.89         4

    accuracy                           0.93        15
   macro avg       0.93      0.96      0.94        15
weighted avg       0.95      0.93      0.93        15

--------------------
parameters
--------------------
coef_ [[-0.04625854  0.5211828  -1.00304462 -0.46412978]
 [-0.00722313  0.17894121 -0.53836459 -0.29239263]
 [ 0.63763077  0.99838481 -2.06759873 -1.93696067]]
intercept_ [1.4528445  1.50771313 6.50507315]
--------------------
confusion_matrix
--------------------
[[6 0 0]
 [0 4 0]
 [0 0 5]]
--------------------
y_pred
--------------------
 [0 0 0 0 0 0 1 1 1 1 2 2 2 2 2]
--------------------
clf_report
--------------------
              precision    recall  f1-score   support

           0       1.00      1.00      1.00         6
           1       1.00      1.00      1.00         4
           2       1.00      1.00      1.00         5

    accuracy                           1.00        15
   macro avg       1.00      1.00      1.00        15
weighted avg       1.00      1.00      1.00        15

--------------------
parameters
--------------------
coef_ [[-0.04625854  0.5211828  -1.00304462 -0.46412978]
 [-0.00722313  0.17894121 -0.53836459 -0.29239263]
 [ 0.51841134  0.6676458  -2.00029407 -2.123652  ]]
intercept_ [1.4528445  1.50771313 8.27626266]
--------------------
confusion_matrix
--------------------
[[6 0 0]
 [0 3 0]
 [0 0 6]]
--------------------
y_pred
--------------------
 [0 0 0 0 0 0 1 1 1 2 2 2 2 2 2]
--------------------
clf_report
--------------------
              precision    recall  f1-score   support

           0       1.00      1.00      1.00         6
           1       1.00      1.00      1.00         3
           2       1.00      1.00      1.00         6

    accuracy                           1.00        15
   macro avg       1.00      1.00      1.00        15
weighted avg       1.00      1.00      1.00        15

--------------------
parameters
--------------------
coef_ [[-0.04625854  0.5211828  -1.00304462 -0.46412978]
 [-0.00722313  0.17894121 -0.53836459 -0.29239263]
 [ 0.56794124  0.55080571 -2.00058266 -2.30132009]]
intercept_ [1.4528445  1.50771313 8.4205241 ]
--------------------
confusion_matrix
--------------------
[[4 0 0]
 [0 3 1]
 [0 0 7]]
--------------------
y_pred
--------------------
 [0 0 0 0 1 1 2 1 2 2 2 2 2 2 2]
--------------------
clf_report
--------------------
              precision    recall  f1-score   support

           0       1.00      1.00      1.00         4
           1       1.00      0.75      0.86         4
           2       0.88      1.00      0.93         7

    accuracy                           0.93        15
   macro avg       0.96      0.92      0.93        15
weighted avg       0.94      0.93      0.93        15

--------------------
parameters
--------------------
coef_ [[-0.04625365  0.52119456 -1.00304722 -0.46413086]
 [-0.00596941  0.17845705 -0.53899655 -0.29103188]
 [ 0.74008382  0.79667572 -2.06344962 -1.95659157]]
intercept_ [1.45279467 1.50363055 6.38023004]
--------------------
confusion_matrix
--------------------
[[5 0 0]
 [0 6 0]
 [0 0 4]]
--------------------
y_pred
--------------------
 [0 0 0 0 0 1 1 1 1 1 1 2 2 2 2]
--------------------
clf_report
--------------------
              precision    recall  f1-score   support

           0       1.00      1.00      1.00         5
           1       1.00      1.00      1.00         6
           2       1.00      1.00      1.00         4

    accuracy                           1.00        15
   macro avg       1.00      1.00      1.00        15
weighted avg       1.00      1.00      1.00        15

--------------------
parameters
--------------------
coef_ [[-0.04625854  0.5211828  -1.00304462 -0.46412978]
 [-0.00722313  0.17894121 -0.53836459 -0.29239263]
 [ 0.65625742  0.93867346 -2.04576494 -1.92211813]]
intercept_ [1.4528445  1.50771313 6.39994557]
--------------------
confusion_matrix
--------------------
[[4 0 0]
 [0 5 0]
 [0 0 6]]
--------------------
y_pred
--------------------
 [0 0 0 0 1 1 1 1 1 2 2 2 2 2 2]
--------------------
clf_report
--------------------
              precision    recall  f1-score   support

           0       1.00      1.00      1.00         4
           1       1.00      1.00      1.00         5
           2       1.00      1.00      1.00         6

    accuracy                           1.00        15
   macro avg       1.00      1.00      1.00        15
weighted avg       1.00      1.00      1.00        15

--------------------
parameters
--------------------
coef_ [[-0.25174182  0.47783159 -0.85370487 -0.61652852]
 [-0.02034588  0.18311289 -0.5289928  -0.30518815]
 [ 0.52763512  0.69939065 -1.94974349 -2.00281154]]
intercept_ [2.32875991 1.54120033 7.6162877 ]
--------------------
confusion_matrix
--------------------
[[5 0 0]
 [0 6 0]
 [0 0 4]]
--------------------
y_pred
--------------------
 [0 0 0 0 0 1 1 1 1 1 1 2 2 2 2]
--------------------
clf_report
--------------------
              precision    recall  f1-score   support

           0       1.00      1.00      1.00         5
           1       1.00      1.00      1.00         6
           2       1.00      1.00      1.00         4

    accuracy                           1.00        15
   macro avg       1.00      1.00      1.00        15
weighted avg       1.00      1.00      1.00        15

--------------------
parameters
--------------------
coef_ [[-0.04625854  0.5211828  -1.00304462 -0.46412978]
 [ 0.04018157  0.17417747 -0.55716144 -0.24377964]
 [ 0.46193045  0.81044011 -1.92918449 -2.08770797]]
intercept_ [1.4528445  1.28932994 7.77265089]
--------------------
confusion_matrix
--------------------
[[6 0 0]
 [0 5 0]
 [0 0 4]]
--------------------
y_pred
--------------------
 [0 0 0 0 0 0 1 1 1 1 1 2 2 2 2]
--------------------
clf_report
--------------------
              precision    recall  f1-score   support

           0       1.00      1.00      1.00         6
           1       1.00      1.00      1.00         5
           2       1.00      1.00      1.00         4

    accuracy                           1.00        15
   macro avg       1.00      1.00      1.00        15
weighted avg       1.00      1.00      1.00        15

