--------------------
parameters
--------------------
coef_ [[-5.23091853e-04  5.94850940e-01 -9.66000708e-01 -4.46530524e-01]
 [-7.05051161e-03  1.78874541e-01 -5.38451567e-01 -2.92205264e-01]
 [ 8.42572426e-01  7.36715543e-01 -1.85700666e+00 -2.06487495e+00]]
intercept_ [0.90485987 1.50715097 5.09950878]
--------------------
confusion_matrix
--------------------
[[27  0  0]
 [ 0 22  2]
 [ 0  0 24]]
--------------------
y_pred
--------------------
 [0 2 1 2 0 0 1 0 2 1 2 2 2 0 2 0 1 2 1 2 2 2 2 1 0 0 2 2 0 0 2 1 0 0 1 2 2
 0 0 1 1 1 0 1 1 0 1 2 1 1 2 0 2 0 0 0 1 0 0 2 2 0 1 1 0 0 2 0 1 2 1 2 0 2
 1]
--------------------
clf_report
--------------------
              precision    recall  f1-score   support

           0       1.00      1.00      1.00        27
           1       1.00      0.92      0.96        24
           2       0.92      1.00      0.96        24

    accuracy                           0.97        75
   macro avg       0.97      0.97      0.97        75
weighted avg       0.98      0.97      0.97        75

--------------------
parameters
--------------------
coef_ [[ 0.          0.59479519 -0.96654218 -0.44609639]
 [-0.07698231  0.07698231 -0.49268676 -0.23094692]
 [ 0.21748497  0.89790414 -1.77622746 -1.78041917]]
intercept_ [0.9033453  2.09160913 7.77825314]
--------------------
confusion_matrix
--------------------
[[22  0  0]
 [ 0 24  1]
 [ 0  2 26]]
--------------------
y_pred
--------------------
 [1 0 0 0 2 0 0 0 1 0 2 1 1 1 1 0 1 2 2 0 1 2 0 2 2 1 1 2 0 0 1 1 1 2 1 0 1
 2 0 1 2 1 2 2 0 0 1 2 2 1 1 0 2 0 2 0 1 2 2 2 2 1 2 1 0 0 2 2 1 1 2 2 2 0
 1]
--------------------
clf_report
--------------------
              precision    recall  f1-score   support

           0       1.00      1.00      1.00        22
           1       0.92      0.96      0.94        25
           2       0.96      0.93      0.95        28

    accuracy                           0.96        75
   macro avg       0.96      0.96      0.96        75
weighted avg       0.96      0.96      0.96        75

--------------------
parameters
--------------------
coef_ [[-0.04619348  0.52133922 -1.00307924 -0.4641441 ]
 [-0.14754102  0.04918034 -0.50819685 -0.21311481]
 [ 0.39839208  0.6530772  -1.96532773 -1.6218125 ]]
intercept_ [1.4521817  2.5606562  8.16647517]
--------------------
confusion_matrix
--------------------
[[29  0  0]
 [ 0 22  0]
 [ 0  4 20]]
--------------------
y_pred
--------------------
 [0 2 0 2 2 0 0 1 1 1 1 1 0 0 1 2 2 1 1 0 1 0 2 1 1 1 0 0 0 2 1 0 0 2 1 1 2
 1 0 0 0 0 2 2 2 1 2 1 0 2 2 0 1 0 0 2 1 2 0 1 1 0 2 0 0 1 2 1 0 1 0 0 1 0
 2]
--------------------
clf_report
--------------------
              precision    recall  f1-score   support

           0       1.00      1.00      1.00        29
           1       0.85      1.00      0.92        22
           2       1.00      0.83      0.91        24

    accuracy                           0.95        75
   macro avg       0.95      0.94      0.94        75
weighted avg       0.95      0.95      0.95        75

--------------------
parameters
--------------------
coef_ [[-0.27649746  0.32258038 -0.82949239 -0.23041455]
 [ 0.04016065  0.1606426  -0.56224908 -0.24096389]
 [ 0.58456047  0.80850704 -1.60541739 -1.99900253]]
intercept_ [2.87096513 1.34136573 5.12083333]
--------------------
confusion_matrix
--------------------
[[27  0  0]
 [ 0 23  0]
 [ 0  0 25]]
--------------------
y_pred
--------------------
 [2 2 0 0 0 0 2 2 2 1 2 1 0 2 1 2 0 0 1 1 1 1 1 1 1 0 1 2 2 0 2 2 0 2 1 1 2
 0 0 0 2 2 1 2 0 2 0 0 1 0 2 1 0 2 0 1 2 0 0 1 2 0 2 1 1 0 0 1 1 0 2 1 0 0
 2]
--------------------
clf_report
--------------------
              precision    recall  f1-score   support

           0       1.00      1.00      1.00        27
           1       1.00      1.00      1.00        23
           2       1.00      1.00      1.00        25

    accuracy                           1.00        75
   macro avg       1.00      1.00      1.00        75
weighted avg       1.00      1.00      1.00        75

--------------------
parameters
--------------------
coef_ [[-0.14373524  0.44829258 -0.8194642  -0.41314947]
 [-0.17488073  0.15898249 -0.46104921 -0.22257548]
 [ 0.47596438  0.89053539 -1.80108739 -1.69361993]]
intercept_ [1.80510505 2.25278153 6.23803295]
--------------------
confusion_matrix
--------------------
[[26  0  0]
 [ 0 24  0]
 [ 0  1 24]]
--------------------
y_pred
--------------------
 [1 1 0 1 1 0 2 1 1 1 0 0 0 1 0 2 1 0 1 2 0 0 1 0 2 2 0 2 1 1 0 2 0 0 0 2 2
 2 2 0 0 1 1 2 0 2 2 2 0 1 1 1 1 0 0 0 0 2 0 2 0 2 1 2 1 0 1 2 1 2 2 1 2 1
 2]
--------------------
clf_report
--------------------
              precision    recall  f1-score   support

           0       1.00      1.00      1.00        26
           1       0.96      1.00      0.98        24
           2       1.00      0.96      0.98        25

    accuracy                           0.99        75
   macro avg       0.99      0.99      0.99        75
weighted avg       0.99      0.99      0.99        75

