--------------------
parameters
--------------------
coef_ [[-0.39330146  0.9656291  -2.44042391 -1.05044686]
 [ 0.49842995 -0.30750951 -0.19227145 -0.88705879]
 [-0.10512849 -0.6581196   2.63269536  1.93750565]]
intercept_ [  9.31978854   2.21780679 -11.53759533]
--------------------
confusion_matrix
--------------------
[[7 0 0]
 [0 4 0]
 [0 0 4]]
--------------------
y_pred
--------------------
 [0 0 0 0 0 0 0 1 1 1 1 2 2 2 2]
--------------------
clf_report
--------------------
              precision    recall  f1-score   support

           0       1.00      1.00      1.00         7
           1       1.00      1.00      1.00         4
           2       1.00      1.00      1.00         4

    accuracy                           1.00        15
   macro avg       1.00      1.00      1.00        15
weighted avg       1.00      1.00      1.00        15

--------------------
parameters
--------------------
coef_ [[-0.42967181  0.92918422 -2.44612319 -1.05698834]
 [ 0.54760223 -0.31128883 -0.1843736  -0.8886047 ]
 [-0.11793042 -0.61789539  2.63049679  1.94559304]]
intercept_ [  9.64423467   1.90582072 -11.55005539]
--------------------
confusion_matrix
--------------------
[[5 0 0]
 [0 4 0]
 [0 0 6]]
--------------------
y_pred
--------------------
 [0 0 0 0 0 1 1 1 1 2 2 2 2 2 2]
--------------------
clf_report
--------------------
              precision    recall  f1-score   support

           0       1.00      1.00      1.00         5
           1       1.00      1.00      1.00         4
           2       1.00      1.00      1.00         6

    accuracy                           1.00        15
   macro avg       1.00      1.00      1.00        15
weighted avg       1.00      1.00      1.00        15

--------------------
parameters
--------------------
coef_ [[-0.41694804  0.94338936 -2.41711085 -1.04028971]
 [ 0.47029079 -0.33184024 -0.06345431 -1.06670442]
 [-0.05334275 -0.61154912  2.48056516  2.10699413]]
intercept_ [  9.41622689   2.145819   -11.56204589]
--------------------
confusion_matrix
--------------------
[[4 0 0]
 [0 5 0]
 [0 1 5]]
--------------------
y_pred
--------------------
 [0 0 0 0 1 1 1 1 1 2 2 2 1 2 2]
--------------------
clf_report
--------------------
              precision    recall  f1-score   support

           0       1.00      1.00      1.00         4
           1       0.83      1.00      0.91         5
           2       1.00      0.83      0.91         6

    accuracy                           0.93        15
   macro avg       0.94      0.94      0.94        15
weighted avg       0.94      0.93      0.93        15

--------------------
parameters
--------------------
coef_ [[-0.38754079  0.92811639 -2.45124558 -1.03223665]
 [ 0.56695182 -0.43291743 -0.23471293 -0.82238058]
 [-0.17941104 -0.49519897  2.68595851  1.85461723]]
intercept_ [  9.43570582   2.29372859 -11.72943441]
--------------------
confusion_matrix
--------------------
[[5 0 0]
 [0 4 0]
 [0 0 6]]
--------------------
y_pred
--------------------
 [0 0 0 0 0 1 1 1 1 2 2 2 2 2 2]
--------------------
clf_report
--------------------
              precision    recall  f1-score   support

           0       1.00      1.00      1.00         5
           1       1.00      1.00      1.00         4
           2       1.00      1.00      1.00         6

    accuracy                           1.00        15
   macro avg       1.00      1.00      1.00        15
weighted avg       1.00      1.00      1.00        15

--------------------
parameters
--------------------
coef_ [[-0.43153349  0.9452257  -2.4504061  -1.05481047]
 [ 0.54992137 -0.36874893 -0.19325704 -0.91940132]
 [-0.11838788 -0.57647677  2.64366314  1.97421179]]
intercept_ [  9.63323891   2.15175076 -11.78498967]
--------------------
confusion_matrix
--------------------
[[5 0 0]
 [0 2 1]
 [0 0 7]]
--------------------
y_pred
--------------------
 [0 0 0 0 0 1 2 1 2 2 2 2 2 2 2]
--------------------
clf_report
--------------------
              precision    recall  f1-score   support

           0       1.00      1.00      1.00         5
           1       1.00      0.67      0.80         3
           2       0.88      1.00      0.93         7

    accuracy                           0.93        15
   macro avg       0.96      0.89      0.91        15
weighted avg       0.94      0.93      0.93        15

--------------------
parameters
--------------------
coef_ [[-0.38292095  0.9320078  -2.44219637 -1.04634025]
 [ 0.50342717 -0.36515539 -0.22225    -0.90490922]
 [-0.12050622 -0.56685242  2.66444637  1.95124947]]
intercept_ [  9.40306908   2.50048584 -11.90355492]
--------------------
confusion_matrix
--------------------
[[9 0 0]
 [0 4 0]
 [0 0 2]]
--------------------
y_pred
--------------------
 [0 0 0 0 0 0 0 0 0 1 1 1 1 2 2]
--------------------
clf_report
--------------------
              precision    recall  f1-score   support

           0       1.00      1.00      1.00         9
           1       1.00      1.00      1.00         4
           2       1.00      1.00      1.00         2

    accuracy                           1.00        15
   macro avg       1.00      1.00      1.00        15
weighted avg       1.00      1.00      1.00        15

--------------------
parameters
--------------------
coef_ [[-0.38744686  0.97716257 -2.42206725 -1.02753231]
 [ 0.51024402 -0.30640588 -0.19839788 -0.8452045 ]
 [-0.12279716 -0.67075669  2.62046512  1.87273681]]
intercept_ [  9.2183406    1.99813499 -11.21647559]
--------------------
confusion_matrix
--------------------
[[ 1  0  0]
 [ 0 10  0]
 [ 0  0  4]]
--------------------
y_pred
--------------------
 [0 1 1 1 1 1 1 1 1 1 1 2 2 2 2]
--------------------
clf_report
--------------------
              precision    recall  f1-score   support

           0       1.00      1.00      1.00         1
           1       1.00      1.00      1.00        10
           2       1.00      1.00      1.00         4

    accuracy                           1.00        15
   macro avg       1.00      1.00      1.00        15
weighted avg       1.00      1.00      1.00        15

--------------------
parameters
--------------------
coef_ [[-0.50126511  0.79400118 -2.46434412 -1.00263391]
 [ 0.59368638 -0.20268026 -0.22536082 -0.90071714]
 [-0.09242127 -0.59132091  2.68970494  1.90335105]]
intercept_ [ 10.69470094   1.44842618 -12.14312712]
--------------------
confusion_matrix
--------------------
[[3 0 0]
 [0 5 0]
 [0 0 7]]
--------------------
y_pred
--------------------
 [0 0 0 1 1 1 1 1 2 2 2 2 2 2 2]
--------------------
clf_report
--------------------
              precision    recall  f1-score   support

           0       1.00      1.00      1.00         3
           1       1.00      1.00      1.00         5
           2       1.00      1.00      1.00         7

    accuracy                           1.00        15
   macro avg       1.00      1.00      1.00        15
weighted avg       1.00      1.00      1.00        15

--------------------
parameters
--------------------
coef_ [[-0.40601473  0.97677838 -2.47764622 -1.06776711]
 [ 0.47162537 -0.26749366 -0.24496782 -0.8725754 ]
 [-0.06561065 -0.70928473  2.72261405  1.94034251]]
intercept_ [  9.55304492   2.43252626 -11.98557118]
--------------------
confusion_matrix
--------------------
[[7 0 0]
 [0 4 2]
 [0 0 2]]
--------------------
y_pred
--------------------
 [0 0 0 0 0 0 0 1 1 1 2 2 1 2 2]
--------------------
clf_report
--------------------
              precision    recall  f1-score   support

           0       1.00      1.00      1.00         7
           1       1.00      0.67      0.80         6
           2       0.50      1.00      0.67         2

    accuracy                           0.87        15
   macro avg       0.83      0.89      0.82        15
weighted avg       0.93      0.87      0.88        15

--------------------
parameters
--------------------
coef_ [[-0.48755167  0.84889135 -2.42658598 -1.0641865 ]
 [ 0.34839679 -0.40880032 -0.15270438 -0.90684836]
 [ 0.13915488 -0.44009104  2.57929037  1.97103486]]
intercept_ [ 10.30320858   3.28267962 -13.5858882 ]
--------------------
confusion_matrix
--------------------
[[4 0 0]
 [0 5 0]
 [0 2 4]]
--------------------
y_pred
--------------------
 [0 0 0 0 1 1 1 1 1 1 2 1 2 2 2]
--------------------
clf_report
--------------------
              precision    recall  f1-score   support

           0       1.00      1.00      1.00         4
           1       0.71      1.00      0.83         5
           2       1.00      0.67      0.80         6

    accuracy                           0.87        15
   macro avg       0.90      0.89      0.88        15
weighted avg       0.90      0.87      0.86        15

