--------------------
parameters
--------------------
coef_ [[-0.39538854  0.65636974 -2.03624487 -0.904998  ]
 [ 0.56829516 -0.51593282 -0.15719375 -0.71822052]
 [-0.17290663 -0.14043692  2.19343863  1.62321852]]
intercept_ [  8.55227489   1.50646727 -10.05874216]
--------------------
confusion_matrix
--------------------
[[23  0  0]
 [ 0 26  2]
 [ 0  0 24]]
--------------------
y_pred
--------------------
 [1 2 1 1 2 0 2 1 2 1 0 1 1 0 0 2 2 1 1 2 2 2 2 1 0 1 1 2 2 1 0 0 2 0 0 0 2
 1 1 1 1 2 2 2 0 2 0 1 1 0 1 0 0 1 0 0 2 0 1 2 2 1 0 1 2 2 0 0 2 2 2 0 1 0
 1]
--------------------
clf_report
--------------------
              precision    recall  f1-score   support

           0       1.00      1.00      1.00        23
           1       1.00      0.93      0.96        28
           2       0.92      1.00      0.96        24

    accuracy                           0.97        75
   macro avg       0.97      0.98      0.97        75
weighted avg       0.98      0.97      0.97        75

--------------------
parameters
--------------------
coef_ [[-0.38909722  0.73364441 -1.9978952  -0.87399288]
 [ 0.64273199 -0.56371303 -0.31789647 -0.51244005]
 [-0.25363477 -0.16993138  2.31579167  1.38643292]]
intercept_ [ 8.25095127  1.65864558 -9.90959685]
--------------------
confusion_matrix
--------------------
[[27  0  0]
 [ 0 26  1]
 [ 0  1 20]]
--------------------
y_pred
--------------------
 [2 1 2 0 0 1 2 0 2 1 2 2 0 1 1 0 0 2 1 2 2 1 2 1 0 1 0 1 1 1 1 1 2 0 0 2 0
 2 0 0 1 0 1 1 2 1 2 1 0 0 1 1 2 0 2 1 0 0 1 0 0 1 0 1 0 2 1 0 0 0 2 2 1 2
 0]
--------------------
clf_report
--------------------
              precision    recall  f1-score   support

           0       1.00      1.00      1.00        27
           1       0.96      0.96      0.96        27
           2       0.95      0.95      0.95        21

    accuracy                           0.97        75
   macro avg       0.97      0.97      0.97        75
weighted avg       0.97      0.97      0.97        75

--------------------
parameters
--------------------
coef_ [[-0.40954559  0.72432191 -1.94645907 -0.82433883]
 [ 0.29583066 -0.71498152 -0.0136702  -0.74496763]
 [ 0.11371493 -0.00934039  1.96012927  1.56930646]]
intercept_ [  7.90696973   3.17798334 -11.08495307]
--------------------
confusion_matrix
--------------------
[[26  0  0]
 [ 0 23  2]
 [ 0  1 23]]
--------------------
y_pred
--------------------
 [1 1 2 0 1 0 2 2 2 2 2 0 2 1 1 0 0 2 0 0 1 1 1 2 2 2 0 0 1 2 0 1 2 2 0 1 0
 0 2 0 1 2 0 0 0 1 0 1 0 0 2 0 2 2 1 0 1 2 2 1 1 1 0 1 2 2 1 0 0 2 0 1 2 1
 1]
--------------------
clf_report
--------------------
              precision    recall  f1-score   support

           0       1.00      1.00      1.00        26
           1       0.96      0.92      0.94        25
           2       0.92      0.96      0.94        24

    accuracy                           0.96        75
   macro avg       0.96      0.96      0.96        75
weighted avg       0.96      0.96      0.96        75

--------------------
parameters
--------------------
coef_ [[-0.4549835   0.66175431 -2.05093056 -0.8495136 ]
 [ 0.18414346 -0.64406653 -0.01906105 -0.79530013]
 [ 0.27084004 -0.01768778  2.0699916   1.64481374]]
intercept_ [  8.8561403    3.98930469 -12.84544498]
--------------------
confusion_matrix
--------------------
[[30  0  0]
 [ 0 18  1]
 [ 0  3 23]]
--------------------
y_pred
--------------------
 [2 0 1 1 2 2 2 2 0 1 1 0 1 1 0 0 1 0 0 0 1 1 0 1 0 2 0 2 2 1 1 0 2 1 2 2 2
 2 2 2 0 0 2 1 1 2 0 0 1 0 2 0 1 2 0 0 0 0 2 0 1 1 2 2 0 0 0 2 0 2 0 0 1 1
 0]
--------------------
clf_report
--------------------
              precision    recall  f1-score   support

           0       1.00      1.00      1.00        30
           1       0.86      0.95      0.90        19
           2       0.96      0.88      0.92        26

    accuracy                           0.95        75
   macro avg       0.94      0.94      0.94        75
weighted avg       0.95      0.95      0.95        75

--------------------
parameters
--------------------
coef_ [[-0.40908928  0.74265769 -2.05969268 -0.80396356]
 [ 0.45727601 -0.46949251 -0.18871164 -0.69001414]
 [-0.04818673 -0.27316518  2.24840432  1.4939777 ]]
intercept_ [  8.46054732   2.16625145 -10.62679877]
--------------------
confusion_matrix
--------------------
[[25  0  0]
 [ 0 23  3]
 [ 0  0 24]]
--------------------
y_pred
--------------------
 [0 2 1 0 2 2 1 2 2 1 0 2 0 2 0 0 1 0 0 1 1 1 2 0 0 0 2 0 2 1 1 2 2 2 1 2 1
 2 0 1 1 2 0 0 1 1 1 1 2 0 0 0 1 2 1 0 0 2 0 2 2 2 1 0 0 2 1 2 2 2 2 1 1 0
 0]
--------------------
clf_report
--------------------
              precision    recall  f1-score   support

           0       1.00      1.00      1.00        25
           1       1.00      0.88      0.94        26
           2       0.89      1.00      0.94        24

    accuracy                           0.96        75
   macro avg       0.96      0.96      0.96        75
weighted avg       0.96      0.96      0.96        75

